10:16:02.869 [main] DEBUG org.testng.TestNG - suiteXmlPath: "C:\Users\shamb\eclipse-workspace\opencart_123\master.xml"
 10:16:03.240 [main] INFO  org.testng.internal.Utils - [TestNG] Running:
  C:\Users\shamb\eclipse-workspace\opencart_123\master.xml

 10:16:08.168 [main] INFO  testCases.TC001_AccountRegistrationTest - ***** Starting TC001_AccountRegistrationTest *****
 10:16:08.344 [main] INFO  testCases.TC001_AccountRegistrationTest - Clicked on MyAccount Link 
 10:16:08.956 [main] INFO  testCases.TC001_AccountRegistrationTest - clicked on Register Link 
 10:16:08.971 [main] INFO  testCases.TC001_AccountRegistrationTest - Providing Customer details....
 10:16:10.452 [main] INFO  testCases.TC001_AccountRegistrationTest - Validating expected message
 10:16:10.499 [main] INFO  testCases.TC001_AccountRegistrationTest - ***** Finished TC001_AccountRegistrationTest *****
 10:16:55.387 [main] DEBUG org.testng.TestNG - suiteXmlPath: "C:\Users\shamb\eclipse-workspace\opencart_123\master.xml"
 10:17:00.418 [main] INFO  testCases.TC001_AccountRegistrationTest - ***** Starting TC001_AccountRegistrationTest *****
 10:17:00.577 [main] INFO  testCases.TC001_AccountRegistrationTest - Clicked on MyAccount Link 
 10:17:01.195 [main] INFO  testCases.TC001_AccountRegistrationTest - clicked on Register Link 
 10:17:01.200 [main] INFO  testCases.TC001_AccountRegistrationTest - Providing Customer details....
 10:17:02.606 [main] INFO  testCases.TC001_AccountRegistrationTest - Validating expected message
 10:17:02.660 [main] INFO  testCases.TC001_AccountRegistrationTest - ***** Finished TC001_AccountRegistrationTest *****
 10:28:37.799 [main] DEBUG org.testng.TestNG - suiteXmlPath: "C:\Users\shamb\eclipse-workspace\opencart_123\master.xml"
 10:28:38.118 [main] INFO  org.testng.internal.Utils - [TestNG] Running:
  C:\Users\shamb\eclipse-workspace\opencart_123\master.xml

 10:28:43.893 [main] INFO  testCases.TC001_AccountRegistrationTest - ***** Starting TC001_AccountRegistrationTest *****
 10:28:44.049 [main] INFO  testCases.TC001_AccountRegistrationTest - Clicked on MyAccount Link 
 10:28:44.662 [main] INFO  testCases.TC001_AccountRegistrationTest - clicked on Register Link 
 10:28:44.662 [main] INFO  testCases.TC001_AccountRegistrationTest - Providing Customer details....
 10:28:46.180 [main] INFO  testCases.TC001_AccountRegistrationTest - Validating expected message
 10:28:46.218 [main] INFO  testCases.TC001_AccountRegistrationTest - ***** Finished TC001_AccountRegistrationTest *****
 10:29:49.815 [main] DEBUG org.testng.TestNG - suiteXmlPath: "C:\Users\shamb\eclipse-workspace\opencart_123\master.xml"
 10:29:50.113 [main] INFO  org.testng.internal.Utils - [TestNG] Running:
  C:\Users\shamb\eclipse-workspace\opencart_123\master.xml

 10:29:53.566 [main] INFO  testCases.TC001_AccountRegistrationTest - ***** Starting TC001_AccountRegistrationTest *****
 10:29:53.921 [main] INFO  testCases.TC001_AccountRegistrationTest - Clicked on MyAccount Link 
 10:29:54.455 [main] INFO  testCases.TC001_AccountRegistrationTest - clicked on Register Link 
 10:29:54.459 [main] INFO  testCases.TC001_AccountRegistrationTest - Providing Customer details....
 10:29:55.851 [main] INFO  testCases.TC001_AccountRegistrationTest - Validating expected message
 10:29:55.909 [main] ERROR testCases.TC001_AccountRegistrationTest - Test Failed..
 10:29:55.909 [main] DEBUG testCases.TC001_AccountRegistrationTest - Debug logs..
 10:33:39.660 [main] DEBUG org.testng.TestNG - suiteXmlPath: "C:\Users\shamb\eclipse-workspace\opencart_123\master.xml"
 10:33:39.940 [main] INFO  org.testng.internal.Utils - [TestNG] Running:
  C:\Users\shamb\eclipse-workspace\opencart_123\master.xml

 10:33:44.895 [main] INFO  testCases.TC001_AccountRegistrationTest - ***** Starting TC001_AccountRegistrationTest *****
 10:33:45.078 [main] INFO  testCases.TC001_AccountRegistrationTest - Clicked on MyAccount Link 
 10:33:45.664 [main] INFO  testCases.TC001_AccountRegistrationTest - clicked on Register Link 
 10:33:45.667 [main] INFO  testCases.TC001_AccountRegistrationTest - Providing Customer details....
 10:33:47.153 [main] INFO  testCases.TC001_AccountRegistrationTest - Validating expected message
 10:33:47.203 [main] ERROR testCases.TC001_AccountRegistrationTest - Test Failed..
 10:33:47.203 [main] DEBUG testCases.TC001_AccountRegistrationTest - Debug logs..
 10:50:04.768 [main] DEBUG org.testng.TestNG - suiteXmlPath: "C:\Users\shamb\eclipse-workspace\opencart_123\master.xml"
 10:52:16.446 [main] DEBUG org.testng.TestNG - suiteXmlPath: "C:\Users\shamb\eclipse-workspace\opencart_123\master.xml"
 10:53:40.101 [main] DEBUG org.testng.TestNG - suiteXmlPath: "C:\Users\shamb\eclipse-workspace\opencart_123\master.xml"
 10:54:38.540 [main] DEBUG org.testng.TestNG - suiteXmlPath: "C:\Users\shamb\eclipse-workspace\opencart_123\master.xml"
 10:57:05.222 [main] DEBUG org.testng.TestNG - suiteXmlPath: "C:\Users\shamb\eclipse-workspace\opencart_123\master.xml"
 10:58:59.596 [main] DEBUG org.testng.TestNG - suiteXmlPath: "C:\Users\shamb\eclipse-workspace\opencart_123\master.xml"
 10:59:55.596 [main] DEBUG org.testng.TestNG - suiteXmlPath: "C:\Users\shamb\eclipse-workspace\opencart_123\master.xml"
 11:01:15.552 [main] DEBUG org.testng.TestNG - suiteXmlPath: "C:\Users\shamb\eclipse-workspace\opencart_123\master.xml"
 11:01:15.888 [main] INFO  org.testng.internal.Utils - [TestNG] Running:
  C:\Users\shamb\eclipse-workspace\opencart_123\master.xml

 11:01:19.699 [main] INFO  testCases.TC001_AccountRegistrationTest - ***** Starting TC001_AccountRegistrationTest *****
 11:04:50.940 [main] DEBUG org.testng.TestNG - suiteXmlPath: "C:\Users\shamb\eclipse-workspace\opencart_123\master.xml"
 11:04:51.207 [main] INFO  org.testng.internal.Utils - [TestNG] Running:
  C:\Users\shamb\eclipse-workspace\opencart_123\master.xml

 11:04:52.976 [main] INFO  testCases.TC001_AccountRegistrationTest - ***** Starting TC001_AccountRegistrationTest *****
 11:05:58.442 [main] DEBUG org.testng.TestNG - suiteXmlPath: "C:\Users\shamb\eclipse-workspace\opencart_123\master.xml"
 11:05:58.755 [main] INFO  org.testng.internal.Utils - [TestNG] Running:
  C:\Users\shamb\eclipse-workspace\opencart_123\master.xml

 11:06:05.948 [main] INFO  testCases.TC001_AccountRegistrationTest - ***** Starting TC001_AccountRegistrationTest *****
 11:06:06.129 [main] INFO  testCases.TC001_AccountRegistrationTest - Clicked on MyAccount Link 
 11:06:07.925 [main] INFO  testCases.TC001_AccountRegistrationTest - clicked on Register Link 
 11:06:07.928 [main] INFO  testCases.TC001_AccountRegistrationTest - Providing Customer details....
 11:06:10.067 [main] INFO  testCases.TC001_AccountRegistrationTest - Validating expected message
 11:06:10.110 [main] INFO  testCases.TC001_AccountRegistrationTest - ***** Finished TC001_AccountRegistrationTest *****
 11:06:49.519 [main] DEBUG org.testng.TestNG - suiteXmlPath: "C:\Users\shamb\eclipse-workspace\opencart_123\master.xml"
 11:06:49.807 [main] INFO  org.testng.internal.Utils - [TestNG] Running:
  C:\Users\shamb\eclipse-workspace\opencart_123\master.xml

 11:06:54.803 [main] INFO  testCases.TC001_AccountRegistrationTest - ***** Starting TC001_AccountRegistrationTest *****
 11:06:54.969 [main] INFO  testCases.TC001_AccountRegistrationTest - Clicked on MyAccount Link 
 11:06:55.662 [main] INFO  testCases.TC001_AccountRegistrationTest - clicked on Register Link 
 11:06:55.665 [main] INFO  testCases.TC001_AccountRegistrationTest - Providing Customer details....
 11:06:57.147 [main] INFO  testCases.TC001_AccountRegistrationTest - Validating expected message
 11:06:57.194 [main] INFO  testCases.TC001_AccountRegistrationTest - ***** Finished TC001_AccountRegistrationTest *****
 11:07:29.177 [main] DEBUG org.testng.TestNG - suiteXmlPath: "C:\Users\shamb\eclipse-workspace\opencart_123\master.xml"
 11:07:29.456 [main] INFO  org.testng.internal.Utils - [TestNG] Running:
  C:\Users\shamb\eclipse-workspace\opencart_123\master.xml

 11:07:35.790 [main] INFO  testCases.TC001_AccountRegistrationTest - ***** Starting TC001_AccountRegistrationTest *****
 11:07:36.072 [main] INFO  testCases.TC001_AccountRegistrationTest - Clicked on MyAccount Link 
 11:07:36.800 [main] INFO  testCases.TC001_AccountRegistrationTest - clicked on Register Link 
 11:07:36.802 [main] INFO  testCases.TC001_AccountRegistrationTest - Providing Customer details....
 11:07:38.208 [main] INFO  testCases.TC001_AccountRegistrationTest - Validating expected message
 11:07:38.245 [main] INFO  testCases.TC001_AccountRegistrationTest - ***** Finished TC001_AccountRegistrationTest *****
 11:08:01.116 [main] DEBUG org.testng.TestNG - suiteXmlPath: "C:\Users\shamb\eclipse-workspace\opencart_123\master.xml"
 11:08:01.396 [main] INFO  org.testng.internal.Utils - [TestNG] Running:
  C:\Users\shamb\eclipse-workspace\opencart_123\master.xml

 11:08:05.913 [main] INFO  testCases.TC001_AccountRegistrationTest - ***** Starting TC001_AccountRegistrationTest *****
 11:08:06.005 [main] INFO  testCases.TC001_AccountRegistrationTest - Clicked on MyAccount Link 
 11:08:08.712 [main] INFO  testCases.TC001_AccountRegistrationTest - clicked on Register Link 
 11:08:08.714 [main] INFO  testCases.TC001_AccountRegistrationTest - Providing Customer details....
 11:08:10.636 [main] INFO  testCases.TC001_AccountRegistrationTest - Validating expected message
 11:08:10.685 [main] INFO  testCases.TC001_AccountRegistrationTest - ***** Finished TC001_AccountRegistrationTest *****
 11:08:42.288 [main] DEBUG org.testng.TestNG - suiteXmlPath: "C:\Users\shamb\eclipse-workspace\opencart_123\master.xml"
 11:08:42.573 [main] INFO  org.testng.internal.Utils - [TestNG] Running:
  C:\Users\shamb\eclipse-workspace\opencart_123\master.xml

 11:08:47.519 [main] INFO  testCases.TC001_AccountRegistrationTest - ***** Starting TC001_AccountRegistrationTest *****
 11:08:47.655 [main] INFO  testCases.TC001_AccountRegistrationTest - Clicked on MyAccount Link 
 11:08:48.484 [main] INFO  testCases.TC001_AccountRegistrationTest - clicked on Register Link 
 11:08:48.486 [main] INFO  testCases.TC001_AccountRegistrationTest - Providing Customer details....
 11:08:50.330 [main] INFO  testCases.TC001_AccountRegistrationTest - Validating expected message
 11:08:50.378 [main] INFO  testCases.TC001_AccountRegistrationTest - ***** Finished TC001_AccountRegistrationTest *****
 11:10:14.067 [main] DEBUG org.testng.TestNG - suiteXmlPath: "C:\Users\shamb\eclipse-workspace\opencart_123\master.xml"
 11:10:14.345 [main] INFO  org.testng.internal.Utils - [TestNG] Running:
  C:\Users\shamb\eclipse-workspace\opencart_123\master.xml

 11:10:16.001 [main] INFO  testCases.TC001_AccountRegistrationTest - ***** Starting TC001_AccountRegistrationTest *****
 11:12:02.166 [main] DEBUG org.testng.TestNG - suiteXmlPath: "C:\Users\shamb\eclipse-workspace\opencart_123\master.xml"
 11:12:02.460 [main] INFO  org.testng.internal.Utils - [TestNG] Running:
  C:\Users\shamb\eclipse-workspace\opencart_123\master.xml

 11:12:04.313 [main] INFO  testCases.TC001_AccountRegistrationTest - ***** Starting TC001_AccountRegistrationTest *****
 11:13:31.538 [main] DEBUG org.testng.TestNG - suiteXmlPath: "C:\Users\shamb\eclipse-workspace\opencart_123\master.xml"
 11:13:31.847 [main] INFO  org.testng.internal.Utils - [TestNG] Running:
  C:\Users\shamb\eclipse-workspace\opencart_123\master.xml

 11:13:38.452 [main] INFO  testCases.TC001_AccountRegistrationTest - ***** Starting TC001_AccountRegistrationTest *****
 11:13:38.611 [main] INFO  testCases.TC001_AccountRegistrationTest - Clicked on MyAccount Link 
 11:13:39.880 [main] INFO  testCases.TC001_AccountRegistrationTest - clicked on Register Link 
 11:13:39.883 [main] INFO  testCases.TC001_AccountRegistrationTest - Providing Customer details....
 11:13:41.408 [main] INFO  testCases.TC001_AccountRegistrationTest - Validating expected message
 11:13:41.452 [main] INFO  testCases.TC001_AccountRegistrationTest - ***** Finished TC001_AccountRegistrationTest *****
 11:17:04.912 [main] DEBUG org.testng.TestNG - suiteXmlPath: "C:\Users\shamb\eclipse-workspace\opencart_123\parallel_testing.xml"
 11:17:47.120 [main] DEBUG org.testng.TestNG - suiteXmlPath: "C:\Users\shamb\eclipse-workspace\opencart_123\parallel_testing.xml"
 11:19:35.409 [main] DEBUG org.testng.TestNG - suiteXmlPath: "C:\Users\shamb\eclipse-workspace\opencart_123\crossbrowsertesting.xml"
 11:20:56.082 [main] DEBUG org.testng.TestNG - suiteXmlPath: "C:\Users\shamb\eclipse-workspace\opencart_123\crossbrowsertesting.xml"
 11:23:00.538 [main] DEBUG org.testng.TestNG - suiteXmlPath: "C:\Users\shamb\eclipse-workspace\opencart_123\crossbrowsertesting.xml"
 11:25:37.343 [main] DEBUG org.testng.TestNG - suiteXmlPath: "C:\Users\shamb\eclipse-workspace\opencart_123\crossbrowsertesting.xml"
 11:28:44.499 [main] DEBUG org.testng.TestNG - suiteXmlPath: "C:\Users\shamb\eclipse-workspace\opencart_123\master.xml"
 11:34:42.325 [main] DEBUG org.testng.TestNG - suiteXmlPath: "C:\Users\shamb\eclipse-workspace\opencart_123\master.xml"
 11:34:42.662 [main] INFO  org.testng.internal.Utils - [TestNG] Running:
  C:\Users\shamb\eclipse-workspace\opencart_123\master.xml

 11:34:47.893 [main] INFO  testCases.TC001_AccountRegistrationTest - ***** Starting TC001_AccountRegistrationTest *****
 11:34:48.087 [main] INFO  testCases.TC001_AccountRegistrationTest - Clicked on MyAccount Link 
 11:34:48.890 [main] INFO  testCases.TC001_AccountRegistrationTest - clicked on Register Link 
 11:34:48.893 [main] INFO  testCases.TC001_AccountRegistrationTest - Providing Customer details....
 11:34:50.789 [main] INFO  testCases.TC001_AccountRegistrationTest - Validating expected message
 11:34:50.836 [main] INFO  testCases.TC001_AccountRegistrationTest - ***** Finished TC001_AccountRegistrationTest *****
 11:35:05.827 [main] DEBUG org.testng.TestNG - suiteXmlPath: "C:\Users\shamb\eclipse-workspace\opencart_123\crossbrowsertesting.xml"
 11:36:16.983 [main] DEBUG org.testng.TestNG - suiteXmlPath: "C:\Users\shamb\eclipse-workspace\opencart_123\crossbrowsertesting.xml"
 11:36:17.304 [main] INFO  org.testng.internal.Utils - [TestNG] Running:
  C:\Users\shamb\eclipse-workspace\opencart_123\crossbrowsertesting.xml

 11:36:22.587 [main] INFO  testCases.TC001_AccountRegistrationTest - ***** Starting TC001_AccountRegistrationTest *****
 11:36:22.697 [main] INFO  testCases.TC001_AccountRegistrationTest - Clicked on MyAccount Link 
 11:36:23.314 [main] INFO  testCases.TC001_AccountRegistrationTest - clicked on Register Link 
 11:36:23.316 [main] INFO  testCases.TC001_AccountRegistrationTest - Providing Customer details....
 11:36:24.914 [main] INFO  testCases.TC001_AccountRegistrationTest - Validating expected message
 11:36:24.961 [main] INFO  testCases.TC001_AccountRegistrationTest - ***** Finished TC001_AccountRegistrationTest *****
 11:38:29.472 [main] DEBUG org.testng.TestNG - suiteXmlPath: "C:\Users\shamb\eclipse-workspace\opencart_123\crossbrowsertesting.xml"
 11:39:31.544 [main] DEBUG org.testng.TestNG - suiteXmlPath: "C:\Users\shamb\eclipse-workspace\opencart_123\crossbrowsertesting.xml"
 11:39:31.855 [main] INFO  org.testng.internal.Utils - [TestNG] Running:
  C:\Users\shamb\eclipse-workspace\opencart_123\crossbrowsertesting.xml

 11:39:36.128 [main] INFO  testCases.TC001_AccountRegistrationTest - ***** Starting TC001_AccountRegistrationTest *****
 11:39:36.378 [main] INFO  testCases.TC001_AccountRegistrationTest - Clicked on MyAccount Link 
 11:39:36.978 [main] INFO  testCases.TC001_AccountRegistrationTest - clicked on Register Link 
 11:39:36.981 [main] INFO  testCases.TC001_AccountRegistrationTest - Providing Customer details....
 11:39:38.457 [main] INFO  testCases.TC001_AccountRegistrationTest - Validating expected message
 11:39:38.510 [main] INFO  testCases.TC001_AccountRegistrationTest - ***** Finished TC001_AccountRegistrationTest *****
 11:39:44.570 [main] INFO  testCases.TC001_AccountRegistrationTest - ***** Starting TC001_AccountRegistrationTest *****
 11:39:44.848 [main] INFO  testCases.TC001_AccountRegistrationTest - Clicked on MyAccount Link 
 11:39:45.556 [main] INFO  testCases.TC001_AccountRegistrationTest - clicked on Register Link 
 11:39:45.557 [main] INFO  testCases.TC001_AccountRegistrationTest - Providing Customer details....
 11:39:46.875 [main] INFO  testCases.TC001_AccountRegistrationTest - Validating expected message
 11:39:46.905 [main] INFO  testCases.TC001_AccountRegistrationTest - ***** Finished TC001_AccountRegistrationTest *****
 11:39:53.752 [main] INFO  testCases.TC001_AccountRegistrationTest - ***** Starting TC001_AccountRegistrationTest *****
 11:39:53.889 [main] INFO  testCases.TC001_AccountRegistrationTest - Clicked on MyAccount Link 
 11:39:54.631 [main] INFO  testCases.TC001_AccountRegistrationTest - clicked on Register Link 
 11:39:54.631 [main] INFO  testCases.TC001_AccountRegistrationTest - Providing Customer details....
 11:39:56.172 [main] INFO  testCases.TC001_AccountRegistrationTest - Validating expected message
 11:39:56.215 [main] INFO  testCases.TC001_AccountRegistrationTest - ***** Finished TC001_AccountRegistrationTest *****
 11:40:53.890 [main] DEBUG org.testng.TestNG - suiteXmlPath: "C:\Users\shamb\eclipse-workspace\opencart_123\crossbrowsersequentialtesting.xml"
 11:40:54.190 [main] INFO  org.testng.internal.Utils - [TestNG] Running:
  C:\Users\shamb\eclipse-workspace\opencart_123\crossbrowsersequentialtesting.xml

 11:40:59.097 [main] INFO  testCases.TC001_AccountRegistrationTest - ***** Starting TC001_AccountRegistrationTest *****
 11:40:59.242 [main] INFO  testCases.TC001_AccountRegistrationTest - Clicked on MyAccount Link 
 11:41:00.019 [main] INFO  testCases.TC001_AccountRegistrationTest - clicked on Register Link 
 11:41:00.024 [main] INFO  testCases.TC001_AccountRegistrationTest - Providing Customer details....
 11:41:01.999 [main] INFO  testCases.TC001_AccountRegistrationTest - Validating expected message
 11:41:02.047 [main] INFO  testCases.TC001_AccountRegistrationTest - ***** Finished TC001_AccountRegistrationTest *****
 11:41:07.356 [main] INFO  testCases.TC001_AccountRegistrationTest - ***** Starting TC001_AccountRegistrationTest *****
 11:41:07.632 [main] INFO  testCases.TC001_AccountRegistrationTest - Clicked on MyAccount Link 
 11:41:08.531 [main] INFO  testCases.TC001_AccountRegistrationTest - clicked on Register Link 
 11:41:08.532 [main] INFO  testCases.TC001_AccountRegistrationTest - Providing Customer details....
 11:41:09.989 [main] INFO  testCases.TC001_AccountRegistrationTest - Validating expected message
 11:41:10.018 [main] INFO  testCases.TC001_AccountRegistrationTest - ***** Finished TC001_AccountRegistrationTest *****
 11:41:15.526 [main] INFO  testCases.TC001_AccountRegistrationTest - ***** Starting TC001_AccountRegistrationTest *****
 11:41:15.672 [main] INFO  testCases.TC001_AccountRegistrationTest - Clicked on MyAccount Link 
 11:41:16.488 [main] INFO  testCases.TC001_AccountRegistrationTest - clicked on Register Link 
 11:41:16.489 [main] INFO  testCases.TC001_AccountRegistrationTest - Providing Customer details....
 11:41:17.958 [main] INFO  testCases.TC001_AccountRegistrationTest - Validating expected message
 11:41:18.000 [main] INFO  testCases.TC001_AccountRegistrationTest - ***** Finished TC001_AccountRegistrationTest *****
 11:41:59.057 [main] DEBUG org.testng.TestNG - suiteXmlPath: "C:\Users\shamb\eclipse-workspace\opencart_123\crossbrowsersequentialtesting.xml"
 11:42:04.178 [main] INFO  testCases.TC001_AccountRegistrationTest - ***** Starting TC001_AccountRegistrationTest *****
 11:42:04.322 [main] INFO  testCases.TC001_AccountRegistrationTest - Clicked on MyAccount Link 
 11:42:05.081 [main] INFO  testCases.TC001_AccountRegistrationTest - clicked on Register Link 
 11:42:05.094 [main] INFO  testCases.TC001_AccountRegistrationTest - Providing Customer details....
 11:42:06.787 [main] INFO  testCases.TC001_AccountRegistrationTest - Validating expected message
 11:42:06.833 [main] INFO  testCases.TC001_AccountRegistrationTest - ***** Finished TC001_AccountRegistrationTest *****
 11:42:12.403 [main] INFO  testCases.TC001_AccountRegistrationTest - ***** Starting TC001_AccountRegistrationTest *****
 11:42:12.673 [main] INFO  testCases.TC001_AccountRegistrationTest - Clicked on MyAccount Link 
 11:42:13.533 [main] INFO  testCases.TC001_AccountRegistrationTest - clicked on Register Link 
 11:42:13.534 [main] INFO  testCases.TC001_AccountRegistrationTest - Providing Customer details....
 11:42:14.941 [main] INFO  testCases.TC001_AccountRegistrationTest - Validating expected message
 11:42:14.970 [main] INFO  testCases.TC001_AccountRegistrationTest - ***** Finished TC001_AccountRegistrationTest *****
 11:42:20.191 [main] INFO  testCases.TC001_AccountRegistrationTest - ***** Starting TC001_AccountRegistrationTest *****
 11:42:20.341 [main] INFO  testCases.TC001_AccountRegistrationTest - Clicked on MyAccount Link 
 11:42:20.979 [main] INFO  testCases.TC001_AccountRegistrationTest - clicked on Register Link 
 11:42:20.979 [main] INFO  testCases.TC001_AccountRegistrationTest - Providing Customer details....
 11:42:22.567 [main] INFO  testCases.TC001_AccountRegistrationTest - Validating expected message
 11:42:22.616 [main] INFO  testCases.TC001_AccountRegistrationTest - ***** Finished TC001_AccountRegistrationTest *****
 